<test-run id="2" testcasecount="2" result="Passed" start-time="2023-06-26 09:28:25.883925" end-time="2023-06-26 09:28:25.905000" duration="0" total="2" passed="2" failed="0" inconclusive="0" skipped="0" asserts="0" clr-version="3.8.10 (default, May 26 2023, 14:05:08) &#10;[GCC 9.4.0]" engine-version="3.6.2"><command-line>/home/knoldus/.local/bin/pytest</command-line><filter /><test-suite id="test/test_simple.py::TestStringMethods" name="test/test_simple.py::TestStringMethods" fullname="test/test_simple.py::TestStringMethods" methodname="" classname="" runstate="Runnable" type="Assembly" testcasecount="2" result="Passed" label="" start-time="2023-06-26 09:28:25.903136" end-time="2023-06-26 09:28:25.904771" duration="0.001635" asserts="0" total="2" passed="2" failed="0" warnings="0" inconclusive="0" skipped="0"><properties><property name="python_version" value="3.8.10 (default, May 26 2023, 14:05:08) &#10;[GCC 9.4.0]" /></properties><test-case id="100" name="test/test_simple.py::TestStringMethods::test_strings_a" fullname="test/test_simple.py::TestStringMethods::test_strings_a" methodname="test_strings_a" classname="TestStringMethods" runstate="Runnable" seed="1" result="Passed" label="" start-time="2023-06-26 09:28:25.903136" end-time="2023-06-26 09:28:25.903665" duration="0.000529" asserts="0"><properties><property name="python-version" value="3.8.10 (default, May 26 2023, 14:05:08) &#10;[GCC 9.4.0]" /><property name="fspath" value="test/test_simple.py" /></properties><environment framework-version="3.6.2" clr-version="3.8.10 (default, May 26 2023, 14:05:08) &#10;[GCC 9.4.0]" os-version="5.15.0-75-generic" platform="Linux" cwd="/home/knoldus/TechHubs/Pytest" machine-name="x86_64" user="" user-domain="" culture="en_US" uiculture="en_US" os-architecture="64bit" /><failure><message><![CDATA[]]></message><stack-trace><![CDATA[None]]></stack-trace></failure><reason><message><![CDATA[]]></message></reason><output><![CDATA[]]></output></test-case><test-case id="101" name="test/test_simple.py::TestStringMethods::test_upper" fullname="test/test_simple.py::TestStringMethods::test_upper" methodname="test_upper" classname="TestStringMethods" runstate="Runnable" seed="1" result="Passed" label="" start-time="2023-06-26 09:28:25.904258" end-time="2023-06-26 09:28:25.904771" duration="0.000513" asserts="0"><properties><property name="python-version" value="3.8.10 (default, May 26 2023, 14:05:08) &#10;[GCC 9.4.0]" /><property name="fspath" value="test/test_simple.py" /></properties><environment framework-version="3.6.2" clr-version="3.8.10 (default, May 26 2023, 14:05:08) &#10;[GCC 9.4.0]" os-version="5.15.0-75-generic" platform="Linux" cwd="/home/knoldus/TechHubs/Pytest" machine-name="x86_64" user="" user-domain="" culture="en_US" uiculture="en_US" os-architecture="64bit" /><failure><message><![CDATA[]]></message><stack-trace><![CDATA[None]]></stack-trace></failure><reason><message><![CDATA[]]></message></reason><output><![CDATA[]]></output></test-case><environment framework-version="3.6.2" clr-version="3.8.10 (default, May 26 2023, 14:05:08) &#10;[GCC 9.4.0]" os-version="5.15.0-75-generic" platform="Linux" cwd="/home/knoldus/TechHubs/Pytest" machine-name="x86_64" user="" user-domain="" culture="en_US" uiculture="en_US" os-architecture="64bit" /></test-suite></test-run>